<?xml version="1.0" encoding="UTF-8"?>
<testng-results skipped="0" failed="0" ignored="0" total="1" passed="1">
  <reporter-output>
  </reporter-output>
  <suite name="FDP" duration-ms="16307" started-at="2021-12-18T19:13:41 IST" finished-at="2021-12-18T19:13:57 IST">
    <groups>
    </groups>
    <test name="Test" duration-ms="16307" started-at="2021-12-18T19:13:41 IST" finished-at="2021-12-18T19:13:57 IST">
      <class name="com.FDP.TestCases.TC_LoginTest_01">
        <test-method status="PASS" signature="setUp(java.lang.String)[pri:0, instance:com.FDP.TestCases.TC_LoginTest_01@32eebfca]" name="setUp" is-config="true" duration-ms="12245" started-at="2021-12-18T19:13:41 IST" finished-at="2021-12-18T19:13:53 IST">
          <params>
            <param index="0">
              <value>
                <![CDATA[firefox]]>
              </value>
            </param>
          </params>
          <reporter-output>
          </reporter-output>
        </test-method> <!-- setUp -->
        <test-method status="PASS" signature="loginTest()[pri:0, instance:com.FDP.TestCases.TC_LoginTest_01@32eebfca]" name="loginTest" duration-ms="2410" started-at="2021-12-18T19:13:53 IST" finished-at="2021-12-18T19:13:56 IST">
          <reporter-output>
          </reporter-output>
        </test-method> <!-- loginTest -->
        <test-method status="PASS" signature="tearDown()[pri:0, instance:com.FDP.TestCases.TC_LoginTest_01@32eebfca]" name="tearDown" is-config="true" duration-ms="1582" started-at="2021-12-18T19:13:56 IST" finished-at="2021-12-18T19:13:57 IST">
          <reporter-output>
          </reporter-output>
        </test-method> <!-- tearDown -->
      </class> <!-- com.FDP.TestCases.TC_LoginTest_01 -->
    </test> <!-- Test -->
  </suite> <!-- FDP -->
</testng-results>
